<?xml version="1.0" encoding="UTF-8"?>
<!-- Generated by org.testng.reporters.JUnitReportReporter -->
<testsuite hostname="Parviz-PC" name="com.pnt.qa.TestAppUsingPOI" tests="1" failures="0" timestamp="1 Jan 2013 16:00:54 GMT" time="23.984" errors="0">
  <testcase name="f" time="23.984" classname="com.pnt.qa.TestAppUsingPOI"/>
</testsuite> <!-- com.pnt.qa.TestAppUsingPOI -->
