<?xml version="1.0" encoding="UTF-8"?>
<!-- Generated by org.testng.reporters.JUnitReportReporter -->
<testsuite hostname="Parviz-PC" name="com.df.TestDDF" tests="1" failures="0" timestamp="1 Jan 2013 18:35:38 GMT" time="21.705" errors="0">
  <testcase name="f" time="21.705" classname="com.df.TestDDF"/>
</testsuite> <!-- com.df.TestDDF -->
