<?xml version="1.0" encoding="UTF-8"?>
<!-- Generated by org.testng.reporters.JUnitReportReporter -->
<testsuite hostname="US155127.local" name="com.pnt.TestApp" tests="1" failures="0" timestamp="29 Dec 2012 16:36:20 GMT" time="22.539" errors="0">
  <testcase name="f" time="22.539" classname="com.pnt.TestApp"/>
</testsuite> <!-- com.pnt.TestApp -->
